<?xml version="1.0" encoding="UTF-8"?>
<!-- Generated by org.testng.reporters.JUnitReportReporter -->
<testsuite hostname="JaiJinendra" failures="0" tests="1" name="cucumberOptions.TestNGRunner" time="43.735" errors="0" timestamp="2025-08-03T11:34:18 EDT" skipped="0">
  <testcase classname="cucumberOptions.TestNGRunner" name="runScenario" time="43.735"/>
  <system-out/>
</testsuite> <!-- cucumberOptions.TestNGRunner -->
