<?xml version="1.0" encoding="UTF-8"?>
<!-- Generated by org.testng.reporters.JUnitReportReporter -->
<testsuite hostname="JaiJinendra" failures="0" tests="1" name="cucumberOptions.TestNGRunner" time="13.635" errors="0" timestamp="2025-04-18T21:30:03 EDT" skipped="0">
  <testcase classname="cucumberOptions.TestNGRunner" name="runScenario" time="13.635"/>
</testsuite> <!-- cucumberOptions.TestNGRunner -->
